<?xml version="1.0" encoding="UTF-8"?>
<testsuites name="jest tests" tests="6" failures="0" errors="0" time="4.102">
  <testsuite name="MessageSearch" errors="0" failures="0" skipped="0" timestamp="2025-03-17T15:58:46" time="1.838" tests="1">
    <testcase classname="MessageSearch triggers search with input value" name="MessageSearch triggers search with input value" time="0.074">
    </testcase>
  </testsuite>
  <testsuite name="App" errors="0" failures="0" skipped="0" timestamp="2025-03-17T15:58:46" time="1.853" tests="1">
    <testcase classname="App renders without crashing" name="App renders without crashing" time="0.081">
    </testcase>
  </testsuite>
  <testsuite name="MessageForm" errors="0" failures="0" skipped="0" timestamp="2025-03-17T15:58:46" time="1.896" tests="2">
    <testcase classname="MessageForm submits form with valid data" name="MessageForm submits form with valid data" time="0.114">
    </testcase>
    <testcase classname="MessageForm shows error when fields are empty" name="MessageForm shows error when fields are empty" time="0.019">
    </testcase>
  </testsuite>
  <testsuite name="MessageList" errors="0" failures="0" skipped="0" timestamp="2025-03-17T15:58:46" time="1.923" tests="2">
    <testcase classname="MessageList renders list of messages" name="MessageList renders list of messages" time="0.158">
    </testcase>
    <testcase classname="MessageList renders empty state when no messages" name="MessageList renders empty state when no messages" time="0.003">
    </testcase>
  </testsuite>
</testsuites>