<?xml version="1.0" encoding="UTF-8"?>
<testsuites name="jest tests" tests="9" failures="0" errors="0" time="3.858">
  <testsuite name="MessageSearch Component" errors="0" failures="0" skipped="0" timestamp="2025-03-18T08:12:57" time="1.834" tests="1">
    <testcase classname="MessageSearch Component triggers search on submit" name="MessageSearch Component triggers search on submit" time="0.076">
    </testcase>
  </testsuite>
  <testsuite name="MessageList Component" errors="0" failures="0" skipped="0" timestamp="2025-03-18T08:12:57" time="1.85" tests="1">
    <testcase classname="MessageList Component renders messages correctly" name="MessageList Component renders messages correctly" time="0.086">
    </testcase>
  </testsuite>
  <testsuite name="MessageForm Component" errors="0" failures="0" skipped="0" timestamp="2025-03-18T08:12:57" time="1.851" tests="2">
    <testcase classname="MessageForm Component shows validation error when fields are empty" name="MessageForm Component shows validation error when fields are empty" time="0.054">
    </testcase>
    <testcase classname="MessageForm Component submits valid form" name="MessageForm Component submits valid form" time="0.03">
    </testcase>
  </testsuite>
  <testsuite name="App Component" errors="0" failures="0" skipped="0" timestamp="2025-03-18T08:12:57" time="2.817" tests="5">
    <testcase classname="App Component renders and fetches initial messages" name="App Component renders and fetches initial messages" time="0.069">
    </testcase>
    <testcase classname="App Component handles message sending" name="App Component handles message sending" time="0.721">
    </testcase>
    <testcase classname="App Component handles message deletion" name="App Component handles message deletion" time="0.043">
    </testcase>
    <testcase classname="App Component handles search functionality" name="App Component handles search functionality" time="0.034">
    </testcase>
    <testcase classname="App Component shows error when message fetch fails" name="App Component shows error when message fetch fails" time="0.074">
    </testcase>
  </testsuite>
</testsuites>