<?xml version="1.0" encoding="UTF-8"?>
<testsuites name="jest tests" tests="5" failures="0" errors="0" time="4.083">
  <testsuite name="MessageSearch" errors="0" failures="0" skipped="0" timestamp="2025-03-17T17:04:09" time="1.759" tests="1">
    <testcase classname="MessageSearch triggers search on input" name="MessageSearch triggers search on input" time="0.111">
    </testcase>
  </testsuite>
  <testsuite name="MessageList" errors="0" failures="0" skipped="0" timestamp="2025-03-17T17:04:09" time="1.788" tests="2">
    <testcase classname="MessageList renders messages correctly" name="MessageList renders messages correctly" time="0.116">
    </testcase>
    <testcase classname="MessageList shows empty state" name="MessageList shows empty state" time="0.006">
    </testcase>
  </testsuite>
  <testsuite name="MessageForm" errors="0" failures="0" skipped="0" timestamp="2025-03-17T17:04:09" time="1.86" tests="2">
    <testcase classname="MessageForm submits valid form data" name="MessageForm submits valid form data" time="0.169">
    </testcase>
    <testcase classname="MessageForm shows error when fields are empty" name="MessageForm shows error when fields are empty" time="0.032">
    </testcase>
  </testsuite>
</testsuites>